============================= test session starts ==============================
platform linux -- Python 3.11.4, pytest-8.4.0, pluggy-1.6.0 -- /home/muna/miniconda3/bin/python
cachedir: .pytest_cache
rootdir: /home/muna/code/Muna-Lombe/tutorials/PythOn/telegram/bots/IeltsMentorV2
plugins: cov-6.2.1, mock-3.14.1, asyncio-1.0.0, anyio-4.9.0
asyncio: mode=Mode.AUTO, asyncio_default_fixture_loop_scope=None, asyncio_default_test_loop_scope=function
collecting ... collected 5 items

tests/test_student_features.py::test_practice_command_shows_selection_menu PASSED [ 20%]
tests/test_student_features.py::test_stats_command_displays_user_stats PASSED [ 40%]
tests/test_student_features.py::test_stats_command_for_new_user PASSED   [ 60%]
tests/test_student_features.py::test_explain_command_with_valid_query PASSED [ 80%]
tests/test_student_features.py::test_define_command_with_valid_word PASSED [100%]

=============================== warnings summary ===============================
../../../../../../../miniconda3/lib/python3.11/site-packages/pydub/utils.py:14
  /home/muna/miniconda3/lib/python3.11/site-packages/pydub/utils.py:14: DeprecationWarning: 'audioop' is deprecated and slated for removal in Python 3.13
    import audioop

handlers/exercise_management_handler.py:215
  /home/muna/code/Muna-Lombe/tutorials/PythOn/telegram/bots/IeltsMentorV2/handlers/exercise_management_handler.py:215: PTBUserWarning: If 'per_message=False', 'CallbackQueryHandler' will not be tracked for every message. Read this FAQ entry to learn more about the per_* settings: https://github.com/python-telegram-bot/python-telegram-bot/wiki/Frequently-Asked-Questions#what-do-the-per_-settings-in-conversationhandler-do.
    create_exercise_conv_handler = ConversationHandler(

handlers/speaking_practice_handler.py:167
  /home/muna/code/Muna-Lombe/tutorials/PythOn/telegram/bots/IeltsMentorV2/handlers/speaking_practice_handler.py:167: PTBUserWarning: If 'per_message=False', 'CallbackQueryHandler' will not be tracked for every message. Read this FAQ entry to learn more about the per_* settings: https://github.com/python-telegram-bot/python-telegram-bot/wiki/Frequently-Asked-Questions#what-do-the-per_-settings-in-conversationhandler-do.
    speaking_practice_conv_handler = ConversationHandler(

-- Docs: https://docs.pytest.org/en/stable/how-to/capture-warnings.html
======================== 5 passed, 3 warnings in 0.08s =========================
