============================= test session starts ==============================
platform linux -- Python 3.11.4, pytest-8.4.0, pluggy-1.6.0 -- /home/muna/miniconda3/bin/python
cachedir: .pytest_cache
rootdir: /home/muna/code/Muna-Lombe/tutorials/PythOn/telegram/bots/IeltsMentorV2
plugins: cov-6.2.1, mock-3.14.1, asyncio-1.0.0, anyio-4.9.0
asyncio: mode=Mode.AUTO, asyncio_default_fixture_loop_scope=None, asyncio_default_test_loop_scope=function
collecting ... collected 18 items

tests/test_web_interface.py::TestWebInterface::test_login_page_loads PASSED [  5%]
tests/test_web_interface.py::TestWebInterface::test_successful_login PASSED [ 11%]
tests/test_web_interface.py::TestWebInterface::test_failed_login_invalid_token PASSED [ 16%]
tests/test_web_interface.py::TestWebInterface::test_dashboard_access_unauthorized PASSED [ 22%]
tests/test_web_interface.py::TestWebInterface::test_dashboard_access_authorized PASSED [ 27%]
tests/test_web_interface.py::TestWebInterface::test_logout PASSED        [ 33%]
tests/test_web_interface.py::TestWebInterface::test_get_groups_unauthorized PASSED [ 38%]
tests/test_web_interface.py::TestWebInterface::test_get_groups_authorized_empty PASSED [ 44%]
tests/test_web_interface.py::TestWebInterface::test_create_and_get_group PASSED [ 50%]
tests/test_web_interface.py::TestWebInterface::test_get_exercises_unauthorized PASSED [ 55%]
tests/test_web_interface.py::TestWebInterface::test_get_exercises_authorized_empty PASSED [ 61%]
tests/test_web_interface.py::TestWebInterface::test_create_and_get_exercise PASSED [ 66%]
tests/test_web_interface.py::TestWebInterface::test_get_specific_group_authorized PASSED [ 72%]
tests/test_web_interface.py::TestWebInterface::test_get_specific_group_unauthorized PASSED [ 77%]
tests/test_web_interface.py::TestWebInterface::test_update_specific_group PASSED [ 83%]
tests/test_web_interface.py::TestWebInterface::test_get_specific_exercise_authorized PASSED [ 88%]
tests/test_web_interface.py::TestWebInterface::test_get_specific_exercise_unauthorized PASSED [ 94%]
tests/test_web_interface.py::TestWebInterface::test_update_specific_exercise PASSED [100%]

=============================== warnings summary ===============================
../../../../../../../miniconda3/lib/python3.11/site-packages/pydub/utils.py:14
  /home/muna/miniconda3/lib/python3.11/site-packages/pydub/utils.py:14: DeprecationWarning: 'audioop' is deprecated and slated for removal in Python 3.13
    import audioop

handlers/teacher_handler.py:200
  /home/muna/code/Muna-Lombe/tutorials/PythOn/telegram/bots/IeltsMentorV2/handlers/teacher_handler.py:200: PTBUserWarning: If 'per_message=False', 'CallbackQueryHandler' will not be tracked for every message. Read this FAQ entry to learn more about the per_* settings: https://github.com/python-telegram-bot/python-telegram-bot/wiki/Frequently-Asked-Questions#what-do-the-per_-settings-in-conversationhandler-do.
    assign_homework_conv_handler = ConversationHandler(

handlers/exercise_management_handler.py:221
  /home/muna/code/Muna-Lombe/tutorials/PythOn/telegram/bots/IeltsMentorV2/handlers/exercise_management_handler.py:221: PTBUserWarning: If 'per_message=False', 'CallbackQueryHandler' will not be tracked for every message. Read this FAQ entry to learn more about the per_* settings: https://github.com/python-telegram-bot/python-telegram-bot/wiki/Frequently-Asked-Questions#what-do-the-per_-settings-in-conversationhandler-do.
    create_exercise_conv_handler = ConversationHandler(

handlers/speaking_practice_handler.py:243
  /home/muna/code/Muna-Lombe/tutorials/PythOn/telegram/bots/IeltsMentorV2/handlers/speaking_practice_handler.py:243: PTBUserWarning: If 'per_message=False', 'CallbackQueryHandler' will not be tracked for every message. Read this FAQ entry to learn more about the per_* settings: https://github.com/python-telegram-bot/python-telegram-bot/wiki/Frequently-Asked-Questions#what-do-the-per_-settings-in-conversationhandler-do.
    speaking_practice_conv_handler = ConversationHandler(

handlers/writing_practice_handler.py:171
  /home/muna/code/Muna-Lombe/tutorials/PythOn/telegram/bots/IeltsMentorV2/handlers/writing_practice_handler.py:171: PTBUserWarning: If 'per_message=False', 'CallbackQueryHandler' will not be tracked for every message. Read this FAQ entry to learn more about the per_* settings: https://github.com/python-telegram-bot/python-telegram-bot/wiki/Frequently-Asked-Questions#what-do-the-per_-settings-in-conversationhandler-do.
    writing_practice_conv_handler = ConversationHandler(

handlers/listening_practice_handler.py:189
  /home/muna/code/Muna-Lombe/tutorials/PythOn/telegram/bots/IeltsMentorV2/handlers/listening_practice_handler.py:189: PTBUserWarning: If 'per_message=False', 'CallbackQueryHandler' will not be tracked for every message. Read this FAQ entry to learn more about the per_* settings: https://github.com/python-telegram-bot/python-telegram-bot/wiki/Frequently-Asked-Questions#what-do-the-per_-settings-in-conversationhandler-do.
    listening_practice_conv_handler = ConversationHandler(

handlers/reading_practice_handler.py:193
  /home/muna/code/Muna-Lombe/tutorials/PythOn/telegram/bots/IeltsMentorV2/handlers/reading_practice_handler.py:193: PTBUserWarning: If 'per_message=False', 'CallbackQueryHandler' will not be tracked for every message. Read this FAQ entry to learn more about the per_* settings: https://github.com/python-telegram-bot/python-telegram-bot/wiki/Frequently-Asked-Questions#what-do-the-per_-settings-in-conversationhandler-do.
    reading_practice_conv_handler = ConversationHandler(

tests/test_web_interface.py::TestWebInterface::test_successful_login
  /home/muna/code/Muna-Lombe/tutorials/PythOn/telegram/bots/IeltsMentorV2/tests/conftest.py:158: SAWarning: relationship 'Teacher.taught_groups' will copy column teachers.id to column groups.teacher_id, which conflicts with relationship(s): 'Teacher.groups' (copies teachers.id to groups.teacher_id). If this is not the intention, consider if these relationships should be linked with back_populates, or if viewonly=True should be applied to one or more if they are read-only. For the less common case that foreign key constraints are partially overlapping, the orm.foreign() annotation can be used to isolate the columns that should be written towards.   To silence this warning, add the parameter 'overlaps="groups"' to the 'Teacher.taught_groups' relationship. (Background on this warning at: https://sqlalche.me/e/20/qzyx) (This warning originated from the `configure_mappers()` process, which was invoked automatically in response to a user-initiated operation.)
    user = User(user_id=789, first_name="Approved", last_name="Teacher", username="approvedteacher", is_admin=True)

tests/test_web_interface.py::TestWebInterface::test_update_specific_group
  /home/muna/code/Muna-Lombe/tutorials/PythOn/telegram/bots/IeltsMentorV2/tests/test_web_interface.py:139: LegacyAPIWarning: The Query.get() method is considered legacy as of the 1.x series of SQLAlchemy and becomes a legacy construct in 2.0. The method is now available as Session.get() (deprecated since: 2.0) (Background on SQLAlchemy 2.0 at: https://sqlalche.me/e/b8d9)
    updated_group = session.query(Group).get(group.id)

tests/test_web_interface.py::TestWebInterface::test_update_specific_exercise
  /home/muna/code/Muna-Lombe/tutorials/PythOn/telegram/bots/IeltsMentorV2/tests/test_web_interface.py:187: LegacyAPIWarning: The Query.get() method is considered legacy as of the 1.x series of SQLAlchemy and becomes a legacy construct in 2.0. The method is now available as Session.get() (deprecated since: 2.0) (Background on SQLAlchemy 2.0 at: https://sqlalche.me/e/b8d9)
    updated_exercise = session.query(TeacherExercise).get(exercise.id)

-- Docs: https://docs.pytest.org/en/stable/how-to/capture-warnings.html
======================= 18 passed, 10 warnings in 0.46s ========================
