============================= test session starts ==============================
platform linux -- Python 3.11.4, pytest-8.4.0, pluggy-1.6.0 -- /home/muna/miniconda3/bin/python
cachedir: .pytest_cache
rootdir: /home/muna/code/Muna-Lombe/tutorials/PythOn/telegram/bots/IeltsMentorV2
plugins: cov-6.2.1, mock-3.14.1, asyncio-1.0.0, anyio-4.9.0
asyncio: mode=Mode.AUTO, asyncio_default_fixture_loop_scope=None, asyncio_default_test_loop_scope=function
collecting ... collected 82 items

tests/test_botmaster_feature.py::test_approve_teacher_start_as_botmaster PASSED [  1%]
tests/test_botmaster_feature.py::test_approve_teacher_start_as_non_botmaster PASSED [  2%]
tests/test_botmaster_feature.py::test_approve_pending_teacher_success PASSED [  3%]
tests/test_botmaster_feature.py::test_approve_already_approved_teacher PASSED [  4%]
tests/test_botmaster_feature.py::test_approve_non_teacher_applicant PASSED [  6%]
tests/test_botmaster_feature.py::test_approve_user_not_found PASSED      [  7%]
tests/test_botmaster_feature.py::test_cancel_approval_flow PASSED        [  8%]
tests/test_botmaster_feature.py::test_system_stats_as_botmaster PASSED   [  9%]
tests/test_botmaster_feature.py::test_system_stats_as_non_botmaster PASSED [ 10%]
tests/test_group_membership.py::test_add_member_to_group_success PASSED  [ 12%]
tests/test_group_membership.py::test_add_member_unauthorized PASSED      [ 13%]
tests/test_group_membership.py::test_add_member_student_not_found PASSED [ 14%]
tests/test_group_membership.py::test_add_member_already_in_group PASSED  [ 15%]
tests/test_group_membership.py::test_remove_member_from_group_success PASSED [ 17%]
tests/test_group_membership.py::test_remove_member_unauthorized PASSED   [ 18%]
tests/test_handlers.py::test_start_new_user PASSED                       [ 19%]
tests/test_handlers.py::test_start_existing_user PASSED                  [ 20%]
tests/test_handlers.py::test_stats_command_with_stats PASSED             [ 21%]
tests/test_handlers.py::test_stats_command_no_stats PASSED               [ 23%]
tests/test_handlers.py::test_practice_command PASSED                     [ 24%]
tests/test_handlers.py::test_practice_section_callback PASSED            [ 25%]
tests/test_handlers.py::test_explain_command PASSED                      [ 26%]
tests/test_handlers.py::test_define_command PASSED                       [ 28%]
tests/test_handlers.py::test_unknown_command PASSED                      [ 29%]
tests/test_handlers.py::test_create_group_command_as_approved_teacher PASSED [ 30%]
tests/test_handlers.py::test_create_group_command_as_non_approved_teacher PASSED [ 31%]
tests/test_handlers.py::test_create_group_command_as_regular_user PASSED [ 32%]
tests/test_handlers.py::test_create_group_command_as_unknown_user PASSED [ 34%]
tests/test_handlers.py::test_get_group_name_handler PASSED               [ 35%]
tests/test_handlers.py::test_get_group_description_handler PASSED        [ 36%]
tests/test_handlers.py::test_cancel_group_creation_handler PASSED        [ 37%]
tests/test_handlers.py::test_my_exercises_command_with_exercises PASSED  [ 39%]
tests/test_handlers.py::test_my_exercises_command_no_exercises PASSED    [ 40%]
tests/test_handlers.py::test_create_exercise_start_command PASSED        [ 41%]
tests/test_handlers.py::test_create_exercise_get_title PASSED            [ 42%]
tests/test_handlers.py::test_create_exercise_get_description PASSED      [ 43%]
tests/test_handlers.py::test_create_exercise_get_type PASSED             [ 45%]
tests/test_handlers.py::test_create_exercise_get_difficulty PASSED       [ 46%]
tests/test_handlers.py::test_create_exercise_get_content_and_create PASSED [ 47%]
tests/test_handlers.py::test_create_exercise_get_content_invalid PASSED  [ 48%]
tests/test_handlers.py::test_create_exercise_cancel PASSED               [ 50%]
tests/test_homework_feature.py::test_assign_homework_start_with_groups PASSED [ 51%]
tests/test_homework_feature.py::test_assign_homework_start_no_groups PASSED [ 52%]
tests/test_homework_feature.py::test_select_group_for_homework_with_exercises PASSED [ 53%]
tests/test_homework_feature.py::test_select_exercise_and_create_homework PASSED [ 54%]
tests/test_homework_feature.py::test_cancel_homework_assignment PASSED   [ 56%]
tests/test_listening_practice.py::test_start_listening_practice PASSED   [ 57%]
tests/test_listening_practice.py::test_select_exercise_and_send_first_question PASSED [ 58%]
tests/test_listening_practice.py::test_handle_answer_correct_and_continue PASSED [ 59%]
tests/test_listening_practice.py::test_handle_answer_incorrect_and_finish PASSED [ 60%]
tests/test_models.py::test_user_creation PASSED                          [ 62%]
tests/test_models.py::test_update_stats PASSED                           [ 63%]
tests/test_reading_practice.py::test_reading_practice_starts_correctly PASSED [ 64%]
tests/test_reading_practice.py::test_handle_reading_answer_correct PASSED [ 65%]
tests/test_reading_practice.py::test_handle_reading_answer_incorrect PASSED [ 67%]
tests/test_speaking_practice.py::test_start_speaking_practice PASSED     [ 68%]
tests/test_speaking_practice.py::test_handle_part_1 PASSED               [ 69%]
tests/test_speaking_practice.py::test_handle_voice_message_part_1 PASSED [ 70%]
tests/test_speaking_practice.py::test_cancel_flow PASSED                 [ 71%]
tests/test_student_features.py::test_practice_command_shows_selection_menu PASSED [ 73%]
tests/test_student_features.py::test_stats_command_displays_user_stats PASSED [ 74%]
tests/test_student_features.py::test_stats_command_for_new_user PASSED   [ 75%]
tests/test_student_features.py::test_explain_command_with_valid_query PASSED [ 76%]
tests/test_student_features.py::test_define_command_with_valid_word PASSED [ 78%]
tests/test_web_interface.py::test_login_page_loads PASSED                [ 79%]
tests/test_web_interface.py::test_successful_login PASSED                [ 80%]
tests/test_web_interface.py::test_failed_login_invalid_token PASSED      [ 81%]
tests/test_web_interface.py::test_dashboard_access_unauthorized PASSED   [ 82%]
tests/test_web_interface.py::test_dashboard_access_authorized PASSED     [ 84%]
tests/test_web_interface.py::test_logout PASSED                          [ 85%]
tests/test_web_interface.py::test_get_groups_unauthorized PASSED         [ 86%]
tests/test_web_interface.py::test_get_groups_authorized_empty PASSED     [ 87%]
tests/test_web_interface.py::test_create_and_get_group PASSED            [ 89%]
tests/test_web_interface.py::test_get_exercises_unauthorized PASSED      [ 90%]
tests/test_web_interface.py::test_get_exercises_authorized_empty PASSED  [ 91%]
tests/test_web_interface.py::test_create_and_get_exercise PASSED         [ 92%]
tests/test_web_interface.py::test_get_specific_group_authorized PASSED   [ 93%]
tests/test_web_interface.py::test_get_specific_group_unauthorized PASSED [ 95%]
tests/test_web_interface.py::test_update_specific_group PASSED           [ 96%]
tests/test_writing_practice.py::test_start_writing_practice PASSED       [ 97%]
tests/test_writing_practice.py::test_handle_task_selection PASSED        [ 98%]
tests/test_writing_practice.py::test_handle_essay PASSED                 [100%]

=============================== warnings summary ===============================
../../../../../../../miniconda3/lib/python3.11/site-packages/pydub/utils.py:14
  /home/muna/miniconda3/lib/python3.11/site-packages/pydub/utils.py:14: DeprecationWarning: 'audioop' is deprecated and slated for removal in Python 3.13
    import audioop

handlers/teacher_handler.py:200
  /home/muna/code/Muna-Lombe/tutorials/PythOn/telegram/bots/IeltsMentorV2/handlers/teacher_handler.py:200: PTBUserWarning: If 'per_message=False', 'CallbackQueryHandler' will not be tracked for every message. Read this FAQ entry to learn more about the per_* settings: https://github.com/python-telegram-bot/python-telegram-bot/wiki/Frequently-Asked-Questions#what-do-the-per_-settings-in-conversationhandler-do.
    assign_homework_conv_handler = ConversationHandler(

handlers/exercise_management_handler.py:221
  /home/muna/code/Muna-Lombe/tutorials/PythOn/telegram/bots/IeltsMentorV2/handlers/exercise_management_handler.py:221: PTBUserWarning: If 'per_message=False', 'CallbackQueryHandler' will not be tracked for every message. Read this FAQ entry to learn more about the per_* settings: https://github.com/python-telegram-bot/python-telegram-bot/wiki/Frequently-Asked-Questions#what-do-the-per_-settings-in-conversationhandler-do.
    create_exercise_conv_handler = ConversationHandler(

handlers/speaking_practice_handler.py:243
  /home/muna/code/Muna-Lombe/tutorials/PythOn/telegram/bots/IeltsMentorV2/handlers/speaking_practice_handler.py:243: PTBUserWarning: If 'per_message=False', 'CallbackQueryHandler' will not be tracked for every message. Read this FAQ entry to learn more about the per_* settings: https://github.com/python-telegram-bot/python-telegram-bot/wiki/Frequently-Asked-Questions#what-do-the-per_-settings-in-conversationhandler-do.
    speaking_practice_conv_handler = ConversationHandler(

handlers/writing_practice_handler.py:171
  /home/muna/code/Muna-Lombe/tutorials/PythOn/telegram/bots/IeltsMentorV2/handlers/writing_practice_handler.py:171: PTBUserWarning: If 'per_message=False', 'CallbackQueryHandler' will not be tracked for every message. Read this FAQ entry to learn more about the per_* settings: https://github.com/python-telegram-bot/python-telegram-bot/wiki/Frequently-Asked-Questions#what-do-the-per_-settings-in-conversationhandler-do.
    writing_practice_conv_handler = ConversationHandler(

handlers/listening_practice_handler.py:189
  /home/muna/code/Muna-Lombe/tutorials/PythOn/telegram/bots/IeltsMentorV2/handlers/listening_practice_handler.py:189: PTBUserWarning: If 'per_message=False', 'CallbackQueryHandler' will not be tracked for every message. Read this FAQ entry to learn more about the per_* settings: https://github.com/python-telegram-bot/python-telegram-bot/wiki/Frequently-Asked-Questions#what-do-the-per_-settings-in-conversationhandler-do.
    listening_practice_conv_handler = ConversationHandler(

handlers/reading_practice_handler.py:193
  /home/muna/code/Muna-Lombe/tutorials/PythOn/telegram/bots/IeltsMentorV2/handlers/reading_practice_handler.py:193: PTBUserWarning: If 'per_message=False', 'CallbackQueryHandler' will not be tracked for every message. Read this FAQ entry to learn more about the per_* settings: https://github.com/python-telegram-bot/python-telegram-bot/wiki/Frequently-Asked-Questions#what-do-the-per_-settings-in-conversationhandler-do.
    reading_practice_conv_handler = ConversationHandler(

tests/test_botmaster_feature.py::test_approve_teacher_start_as_botmaster
  /home/muna/code/Muna-Lombe/tutorials/PythOn/telegram/bots/IeltsMentorV2/tests/conftest.py:287: SAWarning: relationship 'Teacher.taught_groups' will copy column teachers.id to column groups.teacher_id, which conflicts with relationship(s): 'Teacher.groups' (copies teachers.id to groups.teacher_id). If this is not the intention, consider if these relationships should be linked with back_populates, or if viewonly=True should be applied to one or more if they are read-only. For the less common case that foreign key constraints are partially overlapping, the orm.foreign() annotation can be used to isolate the columns that should be written towards.   To silence this warning, add the parameter 'overlaps="groups"' to the 'Teacher.taught_groups' relationship. (Background on this warning at: https://sqlalche.me/e/20/qzyx) (This warning originated from the `configure_mappers()` process, which was invoked automatically in response to a user-initiated operation.)
    user = User(

-- Docs: https://docs.pytest.org/en/stable/how-to/capture-warnings.html
======================== 82 passed, 8 warnings in 1.69s ========================
